ARM GAS  C:\Users\RAKIBU~1\AppData\Local\Temp\ccqxf395.s 			page 1


   1              		.cpu cortex-m4
   2              		.eabi_attribute 20, 1
   3              		.eabi_attribute 21, 1
   4              		.eabi_attribute 23, 3
   5              		.eabi_attribute 24, 1
   6              		.eabi_attribute 25, 1
   7              		.eabi_attribute 26, 1
   8              		.eabi_attribute 30, 1
   9              		.eabi_attribute 34, 1
  10              		.eabi_attribute 18, 4
  11              		.file	"m2m_ate_mode.c"
  12              		.text
  13              	.Ltext0:
  14              		.cfi_sections	.debug_frame
  15              	.Letext0:
  16              		.section	.debug_line,"",%progbits
  17              	.Ldebug_line0:
  18              		.section	.debug_str,"MS",%progbits,1
  19              	.LASF0:
  20 0000 474E5520 		.ascii	"GNU C11 7.2.1 20170904 (release) [ARM/embedded-7-br"
  20      43313120 
  20      372E322E 
  20      31203230 
  20      31373039 
  21 0033 616E6368 		.ascii	"anch revision 255204] -mcpu=cortex-m4 -mthumb -ggdb"
  21      20726576 
  21      6973696F 
  21      6E203235 
  21      35323034 
  22 0066 202D4F67 		.ascii	" -Og -fomit-frame-pointer -falign-functions=16\000"
  22      202D666F 
  22      6D69742D 
  22      6672616D 
  22      652D706F 
  23              	.LASF1:
  24 0095 2E2F7769 		.ascii	"./winc1500/driver/source/m2m_ate_mode.c\000"
  24      6E633135 
  24      30302F64 
  24      72697665 
  24      722F736F 
  25              	.LASF2:
  26 00bd 433A5C55 		.ascii	"C:\\Users\\RakibulChowdhury\\OneDrive - DIAS Geophy"
  26      73657273 
  26      5C52616B 
  26      6962756C 
  26      43686F77 
  27 00ed 73696361 		.ascii	"sical\\Dias32FirmwareDevelopment\\FirmwareRepo\\Dia"
  27      6C5C4469 
  27      61733332 
  27      4669726D 
  27      77617265 
  28 011d 73333257 		.ascii	"s32Workspace\\DIAS-Gen2-Rakibul\000"
  28      6F726B73 
  28      70616365 
  28      5C444941 
  28      532D4765 
  29              		.ident	"GCC: (GNU Tools for Arm Embedded Processors 7-2017-q4-major) 7.2.1 20170904 (release) [ARM
ARM GAS  C:\Users\RAKIBU~1\AppData\Local\Temp\ccqxf395.s 			page 2


ARM GAS  C:\Users\RAKIBU~1\AppData\Local\Temp\ccqxf395.s 			page 3


DEFINED SYMBOLS
                            *ABS*:00000000 m2m_ate_mode.c

NO UNDEFINED SYMBOLS
